<?xml version="1.0" encoding="UTF-8"?>
<!-- Generated by org.testng.reporters.JUnitReportReporter -->
<testsuite skipped="0" hostname="DINESH" name="demos.Parallelexe" tests="2" failures="0" timestamp="28 Jan 2020 06:56:15 GMT" time="45.535" errors="0">
  <testcase name="test" time="13.628" classname="demos.Parallelexe"/>
  <testcase name="test" time="31.907" classname="demos.Parallelexe"/>
</testsuite> <!-- demos.Parallelexe -->
